Feb 14, 2015 7:03:18 PM directory.TorDirectory connect
INFO: Waiting to connect
Feb 14, 2015 7:03:23 PM directory.TorDirectory connect
INFO: Node connected.
Feb 14, 2015 7:03:23 PM directory.TorDirectory connect
INFO: Node identified as Router.
Feb 14, 2015 7:03:23 PM directory.TorDirectory router
INFO: Router operations initiated.
Feb 14, 2015 7:03:23 PM directory.TorDirectory router
INFO: 
=====>> IP=/192.168.0.102
E[0] = 328911055807773402875753453014543226551
N[0] = 8826731226032260898215588631808184361737793335207884842831870462766095718944851300041830359315812597634020167345874840746098352838049020505217060524530881

Feb 14, 2015 7:03:23 PM directory.TorDirectory router
INFO: 
=====>> IP=/192.168.0.102
E[1] = 71295758347007892845451451608094848184103960406847411646150144609909069580809
N[1] = 94204131952390566142047428929487677707320418310877566743082407855101614280099070409817932323232079174466327510305205311742979118231483263809104508603842490351868907843705621460081946285713513620668381214992451162171053164685003957245018361164453159548969173640815162188722477653176144471215452321694562498707

Feb 14, 2015 7:03:23 PM directory.TorDirectory router
INFO: 
=====>> IP=/192.168.0.102
E[2] = 71295758347007892845451451608094848184103960406847411646150144609909069580809
N[2] = 22974343593316010842041010371843864624442151159363391063153588575424638898221236091447796011035454519429043970323135048464007053620793316421731883615866945357013838282877604038998468646168029383222631257219906587303285544487162624965184064554268801983132945315165654618363396616686561198596212043420081579123484670541348374100825843944957149828031487745913048813124802359561537228854566410620779040671389467102224174354371168938638529127526639587545522610784689741373279090755232125203749884330725724457959334403151014790519236031234151793047569303611782243009128002731844633574370218667050180619613327688349638712251

Feb 14, 2015 7:03:23 PM directory.TorDirectory router
INFO: Number of routers online : 1
Feb 14, 2015 7:03:23 PM directory.TorDirectory connect
INFO: Waiting to connect
